<?xml version="1.0" encoding="UTF-8"?>
<!-- Generated by org.testng.reporters.JUnitReportReporter -->
<testsuite hostname="MckenzieCombrinck" failures="0" tests="2" name="com.equalexperts.ui.BookingTests" time="7.184" errors="0" timestamp="2020-04-29T10:41:49 SAST" skipped="0">
  <testcase classname="com.equalexperts.ui.BookingTests" name="createValidBooking" time="6.993"/>
  <system-out/>
  <testcase classname="com.equalexperts.ui.BookingTests" name="deleteBooking" time="0.191"/>
  <system-out/>
</testsuite> <!-- com.equalexperts.ui.BookingTests -->
