<?xml version="1.0" encoding="UTF-8"?>
<!-- Generated by org.testng.reporters.JUnitReportReporter -->
<testsuite hostname="MckenzieCombrinck" failures="0" tests="3" name="com.equalexperts.api.BookingsAPITests" time="8.344" errors="0" timestamp="2020-04-29T10:41:49 SAST" skipped="0">
  <testcase classname="com.equalexperts.api.BookingsAPITests" name="makeBooking" time="7.328"/>
  <system-out/>
  <testcase classname="com.equalexperts.api.BookingsAPITests" name="getBookingByID" time="0.650"/>
  <system-out/>
  <testcase classname="com.equalexperts.api.BookingsAPITests" name="deleteBookingByID" time="0.366"/>
  <system-out/>
</testsuite> <!-- com.equalexperts.api.BookingsAPITests -->
